<?xml version="1.0" encoding="UTF-8"?>
<!-- Generated by org.testng.reporters.JUnitXMLReporter -->
<testsuite ignored="0" hostname="Shri07" failures="3" tests="4" name="Test(failed)(failed)" time="40.903" errors="0" timestamp="2024-03-23T18:22:46 IST">
  <testcase classname="ebanking.testCases.TC_LoginTest_001" name="verifyLogin" time="7.37"/>
  <testcase classname="ebanking.testCases.TC_LoginTestWithMultipleData_002" name="verifyLoginForMultipleUsers" time="7.2">
    <failure type="java.lang.AssertionError" message="expected [true] but found [false]">
      <![CDATA[java.lang.AssertionError: expected [true] but found [false]
at ebanking.testCases.TC_LoginTestWithMultipleData_002.verifyLoginForMultipleUsers(TC_LoginTestWithMultipleData_002.java:26)
at java.base/java.util.ArrayList.forEach(ArrayList.java:1511)
... Removed 31 stack frames]]>
    </failure>
  </testcase> <!-- verifyLoginForMultipleUsers -->
  <testcase classname="ebanking.testCases.TC_LoginTestWithMultipleData_002" name="verifyLoginForMultipleUsers" time="10.745">
    <failure type="java.lang.AssertionError" message="expected [true] but found [false]">
      <![CDATA[java.lang.AssertionError: expected [true] but found [false]
at ebanking.testCases.TC_LoginTestWithMultipleData_002.verifyLoginForMultipleUsers(TC_LoginTestWithMultipleData_002.java:26)
at java.base/java.util.ArrayList.forEach(ArrayList.java:1511)
... Removed 31 stack frames]]>
    </failure>
  </testcase> <!-- verifyLoginForMultipleUsers -->
  <testcase classname="ebanking.testCases.TC_LoginTestWithMultipleData_002" name="verifyLoginForMultipleUsers" time="6.392">
    <failure type="java.lang.AssertionError" message="expected [true] but found [false]">
      <![CDATA[java.lang.AssertionError: expected [true] but found [false]
at ebanking.testCases.TC_LoginTestWithMultipleData_002.verifyLoginForMultipleUsers(TC_LoginTestWithMultipleData_002.java:26)
at java.base/java.util.ArrayList.forEach(ArrayList.java:1511)
... Removed 31 stack frames]]>
    </failure>
  </testcase> <!-- verifyLoginForMultipleUsers -->
</testsuite> <!-- Test(failed)(failed) -->
