<?xml version="1.0" encoding="UTF-8"?>
<!-- Generated by org.testng.reporters.JUnitXMLReporter -->
<testsuite ignored="0" hostname="Shri07" failures="1" tests="2" name="Test" time="14.705" errors="0" timestamp="2024-03-24T18:19:59 IST">
  <testcase classname="ebanking.testCases.TC_LoginTest_001Test" name="verifyLogin" time="4.725"/>
  <testcase classname="ebanking.testCases.TC_AddNewCustomer_003Test" name="addNewCustomer" time="6.63">
    <failure type="java.lang.AssertionError" message="expected [true] but found [false]">
      <![CDATA[java.lang.AssertionError: expected [true] but found [false]
at ebanking.testCases.TC_AddNewCustomer_003Test.addNewCustomer(TC_AddNewCustomer_003Test.java:39)
at java.base/java.util.ArrayList.forEach(ArrayList.java:1596)
... Removed 36 stack frames]]>
    </failure>
  </testcase> <!-- addNewCustomer -->
</testsuite> <!-- Test -->
