<?xml version="1.0" encoding="UTF-8"?>
<!-- Generated by org.testng.reporters.JUnitXMLReporter -->
<testsuite ignored="0" hostname="Shri07" failures="4" tests="4" name="Test(failed)" time="32.126" errors="0" timestamp="2024-03-23T18:21:11 IST">
  <testcase classname="ebanking.testCases.TC_LoginTest_001" name="verifyLogin" time="4.679">
    <failure type="java.lang.AssertionError" message="expected [Guru99 Bank Manager HomePage123] but found [Guru99 Bank Manager HomePage]">
      <![CDATA[java.lang.AssertionError: expected [Guru99 Bank Manager HomePage123] but found [Guru99 Bank Manager HomePage]
at ebanking.testCases.TC_LoginTest_001.verifyLogin(TC_LoginTest_001.java:19)
at java.base/java.util.ArrayList.forEach(ArrayList.java:1511)
... Removed 33 stack frames]]>
    </failure>
  </testcase> <!-- verifyLogin -->
  <testcase classname="ebanking.testCases.TC_LoginTestWithMultipleData_002" name="verifyLoginForMultipleUsers" time="6.092">
    <failure type="java.lang.AssertionError" message="expected [true] but found [false]">
      <![CDATA[java.lang.AssertionError: expected [true] but found [false]
at ebanking.testCases.TC_LoginTestWithMultipleData_002.verifyLoginForMultipleUsers(TC_LoginTestWithMultipleData_002.java:26)
at java.base/java.util.ArrayList.forEach(ArrayList.java:1511)
... Removed 31 stack frames]]>
    </failure>
  </testcase> <!-- verifyLoginForMultipleUsers -->
  <testcase classname="ebanking.testCases.TC_LoginTestWithMultipleData_002" name="verifyLoginForMultipleUsers" time="4.871">
    <failure type="java.lang.AssertionError" message="expected [true] but found [false]">
      <![CDATA[java.lang.AssertionError: expected [true] but found [false]
at ebanking.testCases.TC_LoginTestWithMultipleData_002.verifyLoginForMultipleUsers(TC_LoginTestWithMultipleData_002.java:26)
at java.base/java.util.ArrayList.forEach(ArrayList.java:1511)
... Removed 31 stack frames]]>
    </failure>
  </testcase> <!-- verifyLoginForMultipleUsers -->
  <testcase classname="ebanking.testCases.TC_LoginTestWithMultipleData_002" name="verifyLoginForMultipleUsers" time="7.147">
    <failure type="java.lang.AssertionError" message="expected [true] but found [false]">
      <![CDATA[java.lang.AssertionError: expected [true] but found [false]
at ebanking.testCases.TC_LoginTestWithMultipleData_002.verifyLoginForMultipleUsers(TC_LoginTestWithMultipleData_002.java:26)
at java.base/java.util.ArrayList.forEach(ArrayList.java:1511)
... Removed 31 stack frames]]>
    </failure>
  </testcase> <!-- verifyLoginForMultipleUsers -->
</testsuite> <!-- Test(failed) -->
