<?xml version="1.0" encoding="UTF-8" ?>
<testsuite tests="2" failures="1" name="TestSuite" time="11.503" errors="0" skipped="0">
  <properties>
[...]
</properties>
  <testcase classname="ebanking.testCases.TC_LoginTest_001Test" name="verifyLogin" time="4.733"/>
  <testcase classname="ebanking.testCases.TC_AddNewCustomer_003Test" name="addNewCustomer" time="6.77">
    <failure message="expected [true] but found [false]" type="java.lang.AssertionError">java.lang.AssertionError: expected [true] but found [false]
	at org.testng.Assert.fail(Assert.java:111)
	at org.testng.Assert.failNotEquals(Assert.java:1578)
	at org.testng.Assert.assertTrue(Assert.java:57)
	at org.testng.Assert.assertTrue(Assert.java:67)
	at ebanking.testCases.TC_AddNewCustomer_003Test.addNewCustomer(TC_AddNewCustomer_003Test.java:39)
</failure>
    <system-err>Mar 24, 2024 6:19:51 PM org.openqa.selenium.devtools.CdpVersionFinder findNearestMatch
WARNING: Unable to find an exact match for CDP version 123, returning the closest version; found: 122; Please update to a Selenium version that supports CDP version 123
</system-err>
  </testcase>
</testsuite>